Build started 14.06.2015 12:55:26.
     1>Project "D:\STEP\ООП 2-й семестр\Game Class\Game Class\Game Class.vcxproj" on node 2 (Build target(s)).
     1>ClCompile:
         C:\Program Files (x86)\Microsoft Visual Studio 12.0\VC\bin\CL.exe /c /Zi /nologo /W3 /WX- /sdl /O2 /Oi /Oy- /GL /D WIN32 /D NDEBUG /D _CONSOLE /D _LIB /D _UNICODE /D UNICODE /Gm- /EHsc /MT /GS /Gy /fp:precise /Zc:wchar_t /Zc:forScope /Fo"Release\\" /Fd"Release\vc120.pdb" /Gd /TP /analyze- /errorReport:prompt main.cpp
         main.cpp
     1>d:\step\ооп 2-й семестр\game class\game class\Character.h(90): warning C4309: 'static_cast' : truncation of constant value
     1>d:\step\ооп 2-й семестр\game class\game class\Enemy.h(66): warning C4309: 'static_cast' : truncation of constant value
     1>d:\step\ооп 2-й семестр\game class\game class\Enemy.h(132): warning C4244: '*=' : conversion from 'double' to 'int', possible loss of data
     1>d:\step\ооп 2-й семестр\game class\game class\Enemy.h(146): warning C4244: '*=' : conversion from 'double' to 'int', possible loss of data
     1>d:\step\ооп 2-й семестр\game class\game class\Enemy.h(160): warning C4244: '*=' : conversion from 'double' to 'int', possible loss of data
     1>d:\step\ооп 2-й семестр\game class\game class\Enemy.h(211): warning C4244: '*=' : conversion from 'double' to 'int', possible loss of data
     1>d:\step\ооп 2-й семестр\game class\game class\Enemy.h(213): warning C4244: '*=' : conversion from 'double' to 'int', possible loss of data
     1>d:\step\ооп 2-й семестр\game class\game class\Enemy.h(224): warning C4244: '*=' : conversion from 'double' to 'int', possible loss of data
     1>d:\step\ооп 2-й семестр\game class\game class\Enemy.h(226): warning C4244: '*=' : conversion from 'double' to 'int', possible loss of data
     1>d:\step\ооп 2-й семестр\game class\game class\Enemy.h(237): warning C4244: '*=' : conversion from 'double' to 'int', possible loss of data
     1>d:\step\ооп 2-й семестр\game class\game class\Enemy.h(239): warning C4244: '*=' : conversion from 'double' to 'int', possible loss of data
     1>d:\step\ооп 2-й семестр\game class\game class\Enemy.h(278): warning C4244: '*=' : conversion from 'double' to 'int', possible loss of data
     1>d:\step\ооп 2-й семестр\game class\game class\Enemy.h(280): warning C4244: '*=' : conversion from 'double' to 'int', possible loss of data
     1>d:\step\ооп 2-й семестр\game class\game class\Enemy.h(290): warning C4244: '*=' : conversion from 'double' to 'int', possible loss of data
     1>d:\step\ооп 2-й семестр\game class\game class\Enemy.h(292): warning C4244: '*=' : conversion from 'double' to 'int', possible loss of data
     1>d:\step\ооп 2-й семестр\game class\game class\Enemy.h(302): warning C4244: '*=' : conversion from 'double' to 'int', possible loss of data
     1>d:\step\ооп 2-й семестр\game class\game class\Enemy.h(304): warning C4244: '*=' : conversion from 'double' to 'int', possible loss of data
     1>d:\step\ооп 2-й семестр\game class\game class\MapLoad.h(173): warning C4309: 'static_cast' : truncation of constant value
     1>main.cpp(53): warning C4018: '<' : signed/unsigned mismatch
       Link:
         C:\Program Files (x86)\Microsoft Visual Studio 12.0\VC\bin\link.exe /ERRORREPORT:PROMPT /OUT:"D:\STEP\ООП 2-й семестр\Game Class\Release\Game Class.exe" /INCREMENTAL:NO /NOLOGO /MANIFEST /MANIFESTUAC:"level='asInvoker' uiAccess='false'" /manifest:embed /manifestinput:"C:\Program Files (x86)\Microsoft Visual Studio 12.0\VC\Include\Manifest\dpiaware.manifest" /DEBUG /PDB:"D:\STEP\ООП 2-й семестр\Game Class\Release\Game Class.pdb" /SUBSYSTEM:CONSOLE /OPT:REF /OPT:ICF /LTCG /TLBID:1 /DYNAMICBASE /NXCOMPAT /IMPLIB:"D:\STEP\ООП 2-й семестр\Game Class\Release\Game Class.lib" /MACHINE:X86 /SAFESEH Release\main.obj
         Generating code
         Finished generating code
         Game Class.vcxproj -> D:\STEP\ООП 2-й семестр\Game Class\Release\Game Class.exe
     1>Done Building Project "D:\STEP\ООП 2-й семестр\Game Class\Game Class\Game Class.vcxproj" (Build target(s)).

Build succeeded.

Time Elapsed 00:00:03.54
